[debug] [2025-08-25T07:34:39.416Z] ----------------------------------------------------------------------
[debug] [2025-08-25T07:34:39.428Z] Command:       C:\Program Files\nodejs\node.exe C:\Users\zweli\AppData\Roaming\npm\node_modules\firebase-tools\lib\bin\firebase.js emulators:start
[debug] [2025-08-25T07:34:39.428Z] CLI Version:   14.14.0
[debug] [2025-08-25T07:34:39.429Z] Platform:      win32
[debug] [2025-08-25T07:34:39.429Z] Node Version:  v22.17.0
[debug] [2025-08-25T07:34:39.430Z] Time:          Mon Aug 25 2025 08:34:39 GMT+0100 (British Summer Time)
[debug] [2025-08-25T07:34:39.430Z] ----------------------------------------------------------------------
[debug] 
[debug] [2025-08-25T07:34:40.859Z] > command requires scopes: ["email","openid","https://www.googleapis.com/auth/cloudplatformprojects.readonly","https://www.googleapis.com/auth/firebase","https://www.googleapis.com/auth/cloud-platform"]
[debug] [2025-08-25T07:34:40.860Z] > authorizing via signed-in user (zwelihlecomet2@gmail.com)
[info] i  emulators: Starting emulators: functions, extensions {"metadata":{"emulator":{"name":"hub"},"message":"Starting emulators: functions, extensions"}}
[debug] [2025-08-25T07:34:40.874Z] Checked if tokens are valid: true, expires at: 1756110370959
[debug] [2025-08-25T07:34:40.875Z] Checked if tokens are valid: true, expires at: 1756110370959
[debug] [2025-08-25T07:34:40.877Z] >>> [apiv2][query] GET https://cloudresourcemanager.googleapis.com/v1/projects/zaio-2c173 [none]
[debug] [2025-08-25T07:34:43.579Z] <<< [apiv2][status] GET https://cloudresourcemanager.googleapis.com/v1/projects/zaio-2c173 200
[debug] [2025-08-25T07:34:43.580Z] <<< [apiv2][body] GET https://cloudresourcemanager.googleapis.com/v1/projects/zaio-2c173 {"projectNumber":"1005877555459","projectId":"zaio-2c173","lifecycleState":"ACTIVE","name":"zaio-amazon","labels":{"firebase":"enabled","firebase-core":"disabled"},"createTime":"2025-07-24T06:15:13.103788Z"}
[debug] [2025-08-25T07:34:43.672Z] [logging] Logging Emulator only supports listening on one address (127.0.0.1). Not listening on ::1
[debug] [2025-08-25T07:34:43.673Z] assigned listening specs for emulators {"user":{"hub":[{"address":"127.0.0.1","family":"IPv4","port":4400},{"address":"::1","family":"IPv6","port":4400}],"ui":[{"address":"127.0.0.1","family":"IPv4","port":4000},{"address":"::1","family":"IPv6","port":4000}],"logging":[{"address":"127.0.0.1","family":"IPv4","port":4500}]},"metadata":{"message":"assigned listening specs for emulators"}}
[debug] [2025-08-25T07:34:43.690Z] [hub] writing locator at C:\Users\zweli\AppData\Local\Temp\hub-zaio-2c173.json
[debug] [2025-08-25T07:34:43.711Z] [Extensions] Started Extensions emulator, this is a noop.
[debug] [2025-08-25T07:34:43.725Z] [functions] Functions Emulator only supports listening on one address (127.0.0.1). Not listening on ::1
[debug] [2025-08-25T07:34:43.725Z] [eventarc] Eventarc Emulator only supports listening on one address (127.0.0.1). Not listening on ::1
[debug] [2025-08-25T07:34:43.725Z] [tasks] Cloud Tasks Emulator only supports listening on one address (127.0.0.1). Not listening on ::1
[debug] [2025-08-25T07:34:43.726Z] late-assigned ports for functions and eventarc emulators {"user":{"hub":[{"address":"127.0.0.1","family":"IPv4","port":4400},{"address":"::1","family":"IPv6","port":4400}],"ui":[{"address":"127.0.0.1","family":"IPv4","port":4000},{"address":"::1","family":"IPv6","port":4000}],"logging":[{"address":"127.0.0.1","family":"IPv4","port":4500}],"functions":[{"address":"127.0.0.1","family":"IPv4","port":5001}],"eventarc":[{"address":"127.0.0.1","family":"IPv4","port":9299}],"tasks":[{"address":"127.0.0.1","family":"IPv4","port":9499}]},"metadata":{"message":"late-assigned ports for functions and eventarc emulators"}}
[warn] !  functions: The following emulators are not running, calls to these services from the Functions emulator will affect production: apphosting, auth, firestore, database, hosting, pubsub, storage, dataconnect {"metadata":{"emulator":{"name":"functions"},"message":"The following emulators are not running, calls to these services from the Functions emulator will affect production: \u001b[1mapphosting, auth, firestore, database, hosting, pubsub, storage, dataconnect\u001b[22m"}}
[debug] [2025-08-25T07:34:43.774Z] defaultcredentials: writing to file C:\Users\zweli\AppData\Roaming\firebase\zwelihlecomet2_gmail_com_application_default_credentials.json
[debug] [2025-08-25T07:34:43.793Z] Setting GAC to C:\Users\zweli\AppData\Roaming\firebase\zwelihlecomet2_gmail_com_application_default_credentials.json {"metadata":{"emulator":{"name":"functions"},"message":"Setting GAC to C:\\Users\\zweli\\AppData\\Roaming\\firebase\\zwelihlecomet2_gmail_com_application_default_credentials.json"}}
[debug] [2025-08-25T07:34:43.794Z] Checked if tokens are valid: true, expires at: 1756110370959
[debug] [2025-08-25T07:34:43.794Z] Checked if tokens are valid: true, expires at: 1756110370959
[debug] [2025-08-25T07:34:43.795Z] >>> [apiv2][query] GET https://firebase.googleapis.com/v1beta1/projects/zaio-2c173/adminSdkConfig [none]
[debug] [2025-08-25T07:34:45.241Z] <<< [apiv2][status] GET https://firebase.googleapis.com/v1beta1/projects/zaio-2c173/adminSdkConfig 200
[debug] [2025-08-25T07:34:45.242Z] <<< [apiv2][body] GET https://firebase.googleapis.com/v1beta1/projects/zaio-2c173/adminSdkConfig {"projectId":"zaio-2c173","storageBucket":"zaio-2c173.firebasestorage.app"}
[debug] [2025-08-25T07:34:45.315Z] [Extensions] Connecting Extensions emulator, this is a noop.
[info] i  functions: Watching "C:\Users\zweli\OneDrive - University of Limpopo\Desktop\Hooks and Routes\aws-cloud\functions" for Cloud Functions... {"metadata":{"emulator":{"name":"functions"},"message":"Watching \"C:\\Users\\zweli\\OneDrive - University of Limpopo\\Desktop\\Hooks and Routes\\aws-cloud\\functions\" for Cloud Functions..."}}
[debug] [2025-08-25T07:34:45.349Z] Validating nodejs source
[debug] [2025-08-25T07:34:51.745Z] > [functions] package.json contents: {
  "name": "functions",
  "description": "Cloud Functions for Firebase",
  "scripts": {
    "lint": "eslint .",
    "serve": "firebase emulators:start --only functions",
    "shell": "firebase functions:shell",
    "start": "npm run shell",
    "deploy": "firebase deploy --only functions",
    "logs": "firebase functions:log"
  },
  "engines": {
    "node": "22"
  },
  "main": "index.js",
  "dependencies": {
    "cors": "^2.8.5",
    "express": "^5.1.0",
    "firebase-admin": "^12.6.0",
    "firebase-functions": "^6.0.1",
    "stripe": "^18.4.0"
  },
  "devDependencies": {
    "eslint": "^8.15.0",
    "eslint-config-google": "^0.14.0",
    "firebase-functions-test": "^3.1.0"
  },
  "private": true
}
[debug] [2025-08-25T07:34:51.745Z] Building nodejs source
[debug] [2025-08-25T07:34:51.746Z] Failed to find version of module node: reached end of search path C:\Users\zweli\OneDrive - University of Limpopo\Desktop\Hooks and Routes\aws-cloud\functions\node_modules
[info] +  functions: Using node@22 from host. 
[debug] [2025-08-25T07:34:51.755Z] Could not find functions.yaml. Must use http discovery
[debug] [2025-08-25T07:34:51.775Z] Found firebase-functions binary at 'C:\Users\zweli\OneDrive - University of Limpopo\Desktop\Hooks and Routes\aws-cloud\functions\node_modules\.bin\firebase-functions'
[info] Serving at port 8405

[debug] [2025-08-25T07:34:57.878Z] Got response from /__/functions.yaml {"endpoints":{"api":{"availableMemoryMb":null,"timeoutSeconds":null,"minInstances":null,"maxInstances":null,"ingressSettings":null,"concurrency":null,"serviceAccountEmail":null,"vpc":null,"platform":"gcfv2","labels":{},"httpsTrigger":{},"entryPoint":"api"}},"specVersion":"v1alpha1","requiredAPIs":[],"extensions":{}}
[debug] [2025-08-25T07:35:02.114Z] defaultcredentials: writing to file C:\Users\zweli\AppData\Roaming\firebase\zwelihlecomet2_gmail_com_application_default_credentials.json
[debug] [2025-08-25T07:35:02.116Z] Setting GAC to C:\Users\zweli\AppData\Roaming\firebase\zwelihlecomet2_gmail_com_application_default_credentials.json {"metadata":{"emulator":{"name":"functions"},"message":"Setting GAC to C:\\Users\\zweli\\AppData\\Roaming\\firebase\\zwelihlecomet2_gmail_com_application_default_credentials.json"}}
[info] +  functions: Loaded functions definitions from source: api. {"metadata":{"emulator":{"name":"functions"},"message":"Loaded functions definitions from source: api."}}
[info] +  functions[us-central1-api]: http function initialized (http://127.0.0.1:5001/zaio-2c173/us-central1/api). {"metadata":{"emulator":{"name":"functions"},"message":"\u001b[1mhttp\u001b[22m function initialized (http://127.0.0.1:5001/zaio-2c173/us-central1/api)."}}
[debug] [2025-08-25T07:35:02.143Z] Could not find VSCode notification endpoint: FetchError: request to http://localhost:40001/vscode/notify failed, reason: . If you are not running the Firebase Data Connect VSCode extension, this is expected and not an issue.
[info] 
┌─────────────────────────────────────────────────────────────┐
│ ✔  All emulators ready! It is now safe to connect your app. │
│ i  View Emulator UI at http://127.0.0.1:4000/               │
└─────────────────────────────────────────────────────────────┘

┌────────────┬────────────────┬──────────────────────────────────┐
│ Emulator   │ Host:Port      │ View in Emulator UI              │
├────────────┼────────────────┼──────────────────────────────────┤
│ Functions  │ 127.0.0.1:5001 │ http://127.0.0.1:4000/functions  │
├────────────┼────────────────┼──────────────────────────────────┤
│ Extensions │ 127.0.0.1:5001 │ http://127.0.0.1:4000/extensions │
└────────────┴────────────────┴──────────────────────────────────┘
  Emulator Hub host: 127.0.0.1 port: 4400
  Other reserved ports: 4500
┌─────────────────────────┬───────────────┬─────────────────────┐
│ Extension Instance Name │ Extension Ref │ View in Emulator UI │
└─────────────────────────┴───────────────┴─────────────────────┘
Issues? Report them at https://github.com/firebase/firebase-tools/issues and attach the *-debug.log files.
 
[debug] [2025-08-25T07:37:55.759Z] [work-queue] {"queuedWork":["/zaio-2c173/us-central1/api/payment/create-2025-08-25T07:37:55.662Z"],"queueLength":1,"runningWork":[],"workRunningCount":0}
[debug] [2025-08-25T07:37:55.810Z] [work-queue] {"queuedWork":[],"queueLength":0,"runningWork":["/zaio-2c173/us-central1/api/payment/create-2025-08-25T07:37:55.662Z"],"workRunningCount":1}
[debug] [2025-08-25T07:37:55.826Z] Accepted request POST /zaio-2c173/us-central1/api/payment/create?total=40000 --> us-central1-api
[debug] [2025-08-25T07:37:56.093Z] [functions] Runtime ready! Sending request! {"metadata":{"emulator":{"name":"functions"},"message":"[functions] Runtime ready! Sending request!"}}
[debug] [2025-08-25T07:37:56.143Z] [functions] Got req.url=/zaio-2c173/us-central1/api/payment/create?total=40000, mapping to path=/payment/create?total=40000 {"metadata":{"emulator":{"name":"functions"},"message":"[functions] Got req.url=/zaio-2c173/us-central1/api/payment/create?total=40000, mapping to path=/payment/create?total=40000"}}
[debug] [2025-08-25T07:37:56.892Z] [worker-pool] addWorker(us-central1-api) {"metadata":{"emulator":{"name":"functions"},"message":"[worker-pool] addWorker(us-central1-api)"}}
[debug] [2025-08-25T07:37:56.989Z] [worker-pool] Adding worker with key us-central1-api, total=1 {"metadata":{"emulator":{"name":"functions"},"message":"[worker-pool] Adding worker with key us-central1-api, total=1"}}
[debug] [2025-08-25T07:37:57.418Z] [work-queue] {"queuedWork":["/zaio-2c173/us-central1/api/payment/create-2025-08-25T07:37:57.413Z"],"queueLength":1,"runningWork":["/zaio-2c173/us-central1/api/payment/create-2025-08-25T07:37:55.662Z"],"workRunningCount":1}
[debug] [2025-08-25T07:37:57.420Z] [work-queue] {"queuedWork":[],"queueLength":0,"runningWork":["/zaio-2c173/us-central1/api/payment/create-2025-08-25T07:37:55.662Z","/zaio-2c173/us-central1/api/payment/create-2025-08-25T07:37:57.413Z"],"workRunningCount":2}
[debug] [2025-08-25T07:37:57.420Z] Accepted request POST /zaio-2c173/us-central1/api/payment/create?total=40000 --> us-central1-api
[debug] [2025-08-25T07:37:57.671Z] [functions] Runtime ready! Sending request! {"metadata":{"emulator":{"name":"functions"},"message":"[functions] Runtime ready! Sending request!"}}
[debug] [2025-08-25T07:37:57.672Z] [functions] Got req.url=/zaio-2c173/us-central1/api/payment/create?total=40000, mapping to path=/payment/create?total=40000 {"metadata":{"emulator":{"name":"functions"},"message":"[functions] Got req.url=/zaio-2c173/us-central1/api/payment/create?total=40000, mapping to path=/payment/create?total=40000"}}
[debug] [2025-08-25T07:37:57.740Z] [worker-pool] addWorker(us-central1-api) {"metadata":{"emulator":{"name":"functions"},"message":"[worker-pool] addWorker(us-central1-api)"}}
[debug] [2025-08-25T07:37:57.741Z] [worker-pool] Adding worker with key us-central1-api, total=2 {"metadata":{"emulator":{"name":"functions"},"message":"[worker-pool] Adding worker with key us-central1-api, total=2"}}
[debug] [2025-08-25T07:38:09.441Z] [runtime-status] [12068] Resolved module firebase-admin {"declared":true,"installed":true,"version":"12.7.0","resolution":"C:\\Users\\zweli\\OneDrive - University of Limpopo\\Desktop\\Hooks and Routes\\aws-cloud\\functions\\node_modules\\firebase-admin\\lib\\index.js"} {"metadata":{"emulator":{"name":"functions"},"function":{"name":"us-central1-api"},"extension":{},"message":"[runtime-status] [12068] Resolved module firebase-admin {\"declared\":true,\"installed\":true,\"version\":\"12.7.0\",\"resolution\":\"C:\\\\Users\\\\zweli\\\\OneDrive - University of Limpopo\\\\Desktop\\\\Hooks and Routes\\\\aws-cloud\\\\functions\\\\node_modules\\\\firebase-admin\\\\lib\\\\index.js\"}"}}
[debug] [2025-08-25T07:38:09.442Z] [runtime-status] [16540] Resolved module firebase-admin {"declared":true,"installed":true,"version":"12.7.0","resolution":"C:\\Users\\zweli\\OneDrive - University of Limpopo\\Desktop\\Hooks and Routes\\aws-cloud\\functions\\node_modules\\firebase-admin\\lib\\index.js"} {"metadata":{"emulator":{"name":"functions"},"function":{"name":"us-central1-api"},"extension":{},"message":"[runtime-status] [16540] Resolved module firebase-admin {\"declared\":true,\"installed\":true,\"version\":\"12.7.0\",\"resolution\":\"C:\\\\Users\\\\zweli\\\\OneDrive - University of Limpopo\\\\Desktop\\\\Hooks and Routes\\\\aws-cloud\\\\functions\\\\node_modules\\\\firebase-admin\\\\lib\\\\index.js\"}"}}
[debug] [2025-08-25T07:38:09.443Z] [runtime-status] [12068] Resolved module firebase-functions {"declared":true,"installed":true,"version":"6.4.0","resolution":"C:\\Users\\zweli\\OneDrive - University of Limpopo\\Desktop\\Hooks and Routes\\aws-cloud\\functions\\node_modules\\firebase-functions\\lib\\v2\\index.js"} {"metadata":{"emulator":{"name":"functions"},"function":{"name":"us-central1-api"},"extension":{},"message":"[runtime-status] [12068] Resolved module firebase-functions {\"declared\":true,\"installed\":true,\"version\":\"6.4.0\",\"resolution\":\"C:\\\\Users\\\\zweli\\\\OneDrive - University of Limpopo\\\\Desktop\\\\Hooks and Routes\\\\aws-cloud\\\\functions\\\\node_modules\\\\firebase-functions\\\\lib\\\\v2\\\\index.js\"}"}}
[debug] [2025-08-25T07:38:09.444Z] [runtime-status] [16540] Resolved module firebase-functions {"declared":true,"installed":true,"version":"6.4.0","resolution":"C:\\Users\\zweli\\OneDrive - University of Limpopo\\Desktop\\Hooks and Routes\\aws-cloud\\functions\\node_modules\\firebase-functions\\lib\\v2\\index.js"} {"metadata":{"emulator":{"name":"functions"},"function":{"name":"us-central1-api"},"extension":{},"message":"[runtime-status] [16540] Resolved module firebase-functions {\"declared\":true,\"installed\":true,\"version\":\"6.4.0\",\"resolution\":\"C:\\\\Users\\\\zweli\\\\OneDrive - University of Limpopo\\\\Desktop\\\\Hooks and Routes\\\\aws-cloud\\\\functions\\\\node_modules\\\\firebase-functions\\\\lib\\\\v2\\\\index.js\"}"}}
[debug] [2025-08-25T07:38:09.445Z] [runtime-status] [12068] Outgoing network have been stubbed. [{"name":"http","status":"mocked"},{"name":"http","status":"mocked"},{"name":"https","status":"mocked"},{"name":"https","status":"mocked"},{"name":"net","status":"mocked"}] {"metadata":{"emulator":{"name":"functions"},"function":{"name":"us-central1-api"},"extension":{},"message":"[runtime-status] [12068] Outgoing network have been stubbed. [{\"name\":\"http\",\"status\":\"mocked\"},{\"name\":\"http\",\"status\":\"mocked\"},{\"name\":\"https\",\"status\":\"mocked\"},{\"name\":\"https\",\"status\":\"mocked\"},{\"name\":\"net\",\"status\":\"mocked\"}]"}}
[debug] [2025-08-25T07:38:09.445Z] [runtime-status] [16540] Outgoing network have been stubbed. [{"name":"http","status":"mocked"},{"name":"http","status":"mocked"},{"name":"https","status":"mocked"},{"name":"https","status":"mocked"},{"name":"net","status":"mocked"}] {"metadata":{"emulator":{"name":"functions"},"function":{"name":"us-central1-api"},"extension":{},"message":"[runtime-status] [16540] Outgoing network have been stubbed. [{\"name\":\"http\",\"status\":\"mocked\"},{\"name\":\"http\",\"status\":\"mocked\"},{\"name\":\"https\",\"status\":\"mocked\"},{\"name\":\"https\",\"status\":\"mocked\"},{\"name\":\"net\",\"status\":\"mocked\"}]"}}
[debug] [2025-08-25T07:38:09.445Z] [runtime-status] [12068] Resolved module firebase-functions {"declared":true,"installed":true,"version":"6.4.0","resolution":"C:\\Users\\zweli\\OneDrive - University of Limpopo\\Desktop\\Hooks and Routes\\aws-cloud\\functions\\node_modules\\firebase-functions\\lib\\v2\\index.js"} {"metadata":{"emulator":{"name":"functions"},"function":{"name":"us-central1-api"},"extension":{},"message":"[runtime-status] [12068] Resolved module firebase-functions {\"declared\":true,\"installed\":true,\"version\":\"6.4.0\",\"resolution\":\"C:\\\\Users\\\\zweli\\\\OneDrive - University of Limpopo\\\\Desktop\\\\Hooks and Routes\\\\aws-cloud\\\\functions\\\\node_modules\\\\firebase-functions\\\\lib\\\\v2\\\\index.js\"}"}}
[debug] [2025-08-25T07:38:09.455Z] [runtime-status] [16540] Resolved module firebase-functions {"declared":true,"installed":true,"version":"6.4.0","resolution":"C:\\Users\\zweli\\OneDrive - University of Limpopo\\Desktop\\Hooks and Routes\\aws-cloud\\functions\\node_modules\\firebase-functions\\lib\\v2\\index.js"} {"metadata":{"emulator":{"name":"functions"},"function":{"name":"us-central1-api"},"extension":{},"message":"[runtime-status] [16540] Resolved module firebase-functions {\"declared\":true,\"installed\":true,\"version\":\"6.4.0\",\"resolution\":\"C:\\\\Users\\\\zweli\\\\OneDrive - University of Limpopo\\\\Desktop\\\\Hooks and Routes\\\\aws-cloud\\\\functions\\\\node_modules\\\\firebase-functions\\\\lib\\\\v2\\\\index.js\"}"}}
[debug] [2025-08-25T07:38:13.789Z] [runtime-status] [12068] Checked functions.config() {"config":{}} {"metadata":{"emulator":{"name":"functions"},"function":{"name":"us-central1-api"},"extension":{},"message":"[runtime-status] [12068] Checked functions.config() {\"config\":{}}"}}
[debug] [2025-08-25T07:38:13.792Z] [runtime-status] [12068] firebase-functions has been stubbed. {"functionsResolution":{"declared":true,"installed":true,"version":"6.4.0","resolution":"C:\\Users\\zweli\\OneDrive - University of Limpopo\\Desktop\\Hooks and Routes\\aws-cloud\\functions\\node_modules\\firebase-functions\\lib\\v2\\index.js"}} {"metadata":{"emulator":{"name":"functions"},"function":{"name":"us-central1-api"},"extension":{},"message":"[runtime-status] [12068] firebase-functions has been stubbed. {\"functionsResolution\":{\"declared\":true,\"installed\":true,\"version\":\"6.4.0\",\"resolution\":\"C:\\\\Users\\\\zweli\\\\OneDrive - University of Limpopo\\\\Desktop\\\\Hooks and Routes\\\\aws-cloud\\\\functions\\\\node_modules\\\\firebase-functions\\\\lib\\\\v2\\\\index.js\"}}"}}
[debug] [2025-08-25T07:38:13.795Z] [runtime-status] [12068] Resolved module firebase-functions {"declared":true,"installed":true,"version":"6.4.0","resolution":"C:\\Users\\zweli\\OneDrive - University of Limpopo\\Desktop\\Hooks and Routes\\aws-cloud\\functions\\node_modules\\firebase-functions\\lib\\v2\\index.js"} {"metadata":{"emulator":{"name":"functions"},"function":{"name":"us-central1-api"},"extension":{},"message":"[runtime-status] [12068] Resolved module firebase-functions {\"declared\":true,\"installed\":true,\"version\":\"6.4.0\",\"resolution\":\"C:\\\\Users\\\\zweli\\\\OneDrive - University of Limpopo\\\\Desktop\\\\Hooks and Routes\\\\aws-cloud\\\\functions\\\\node_modules\\\\firebase-functions\\\\lib\\\\v2\\\\index.js\"}"}}
[debug] [2025-08-25T07:38:14.155Z] [runtime-status] [12068] Resolved module firebase-admin {"declared":true,"installed":true,"version":"12.7.0","resolution":"C:\\Users\\zweli\\OneDrive - University of Limpopo\\Desktop\\Hooks and Routes\\aws-cloud\\functions\\node_modules\\firebase-admin\\lib\\index.js"} {"metadata":{"emulator":{"name":"functions"},"function":{"name":"us-central1-api"},"extension":{},"message":"[runtime-status] [12068] Resolved module firebase-admin {\"declared\":true,\"installed\":true,\"version\":\"12.7.0\",\"resolution\":\"C:\\\\Users\\\\zweli\\\\OneDrive - University of Limpopo\\\\Desktop\\\\Hooks and Routes\\\\aws-cloud\\\\functions\\\\node_modules\\\\firebase-admin\\\\lib\\\\index.js\"}"}}
[debug] [2025-08-25T07:38:14.158Z] [runtime-status] [12068] Resolved module firebase-functions {"declared":true,"installed":true,"version":"6.4.0","resolution":"C:\\Users\\zweli\\OneDrive - University of Limpopo\\Desktop\\Hooks and Routes\\aws-cloud\\functions\\node_modules\\firebase-functions\\lib\\v2\\index.js"} {"metadata":{"emulator":{"name":"functions"},"function":{"name":"us-central1-api"},"extension":{},"message":"[runtime-status] [12068] Resolved module firebase-functions {\"declared\":true,\"installed\":true,\"version\":\"6.4.0\",\"resolution\":\"C:\\\\Users\\\\zweli\\\\OneDrive - University of Limpopo\\\\Desktop\\\\Hooks and Routes\\\\aws-cloud\\\\functions\\\\node_modules\\\\firebase-functions\\\\lib\\\\v2\\\\index.js\"}"}}
[debug] [2025-08-25T07:38:14.159Z] [runtime-status] [12068] firebase-admin has been stubbed. {"adminResolution":{"declared":true,"installed":true,"version":"12.7.0","resolution":"C:\\Users\\zweli\\OneDrive - University of Limpopo\\Desktop\\Hooks and Routes\\aws-cloud\\functions\\node_modules\\firebase-admin\\lib\\index.js"}} {"metadata":{"emulator":{"name":"functions"},"function":{"name":"us-central1-api"},"extension":{},"message":"[runtime-status] [12068] firebase-admin has been stubbed. {\"adminResolution\":{\"declared\":true,\"installed\":true,\"version\":\"12.7.0\",\"resolution\":\"C:\\\\Users\\\\zweli\\\\OneDrive - University of Limpopo\\\\Desktop\\\\Hooks and Routes\\\\aws-cloud\\\\functions\\\\node_modules\\\\firebase-admin\\\\lib\\\\index.js\"}}"}}
[debug] [2025-08-25T07:38:15.559Z] [runtime-status] [16540] Checked functions.config() {"config":{}} {"metadata":{"emulator":{"name":"functions"},"function":{"name":"us-central1-api"},"extension":{},"message":"[runtime-status] [16540] Checked functions.config() {\"config\":{}}"}}
[debug] [2025-08-25T07:38:15.578Z] [runtime-status] [16540] firebase-functions has been stubbed. {"functionsResolution":{"declared":true,"installed":true,"version":"6.4.0","resolution":"C:\\Users\\zweli\\OneDrive - University of Limpopo\\Desktop\\Hooks and Routes\\aws-cloud\\functions\\node_modules\\firebase-functions\\lib\\v2\\index.js"}} {"metadata":{"emulator":{"name":"functions"},"function":{"name":"us-central1-api"},"extension":{},"message":"[runtime-status] [16540] firebase-functions has been stubbed. {\"functionsResolution\":{\"declared\":true,\"installed\":true,\"version\":\"6.4.0\",\"resolution\":\"C:\\\\Users\\\\zweli\\\\OneDrive - University of Limpopo\\\\Desktop\\\\Hooks and Routes\\\\aws-cloud\\\\functions\\\\node_modules\\\\firebase-functions\\\\lib\\\\v2\\\\index.js\"}}"}}
[debug] [2025-08-25T07:38:15.578Z] [runtime-status] [16540] Resolved module firebase-functions {"declared":true,"installed":true,"version":"6.4.0","resolution":"C:\\Users\\zweli\\OneDrive - University of Limpopo\\Desktop\\Hooks and Routes\\aws-cloud\\functions\\node_modules\\firebase-functions\\lib\\v2\\index.js"} {"metadata":{"emulator":{"name":"functions"},"function":{"name":"us-central1-api"},"extension":{},"message":"[runtime-status] [16540] Resolved module firebase-functions {\"declared\":true,\"installed\":true,\"version\":\"6.4.0\",\"resolution\":\"C:\\\\Users\\\\zweli\\\\OneDrive - University of Limpopo\\\\Desktop\\\\Hooks and Routes\\\\aws-cloud\\\\functions\\\\node_modules\\\\firebase-functions\\\\lib\\\\v2\\\\index.js\"}"}}
[debug] [2025-08-25T07:38:15.588Z] [runtime-status] [16540] Resolved module firebase-admin {"declared":true,"installed":true,"version":"12.7.0","resolution":"C:\\Users\\zweli\\OneDrive - University of Limpopo\\Desktop\\Hooks and Routes\\aws-cloud\\functions\\node_modules\\firebase-admin\\lib\\index.js"} {"metadata":{"emulator":{"name":"functions"},"function":{"name":"us-central1-api"},"extension":{},"message":"[runtime-status] [16540] Resolved module firebase-admin {\"declared\":true,\"installed\":true,\"version\":\"12.7.0\",\"resolution\":\"C:\\\\Users\\\\zweli\\\\OneDrive - University of Limpopo\\\\Desktop\\\\Hooks and Routes\\\\aws-cloud\\\\functions\\\\node_modules\\\\firebase-admin\\\\lib\\\\index.js\"}"}}
[debug] [2025-08-25T07:38:15.638Z] [runtime-status] [16540] Resolved module firebase-functions {"declared":true,"installed":true,"version":"6.4.0","resolution":"C:\\Users\\zweli\\OneDrive - University of Limpopo\\Desktop\\Hooks and Routes\\aws-cloud\\functions\\node_modules\\firebase-functions\\lib\\v2\\index.js"} {"metadata":{"emulator":{"name":"functions"},"function":{"name":"us-central1-api"},"extension":{},"message":"[runtime-status] [16540] Resolved module firebase-functions {\"declared\":true,\"installed\":true,\"version\":\"6.4.0\",\"resolution\":\"C:\\\\Users\\\\zweli\\\\OneDrive - University of Limpopo\\\\Desktop\\\\Hooks and Routes\\\\aws-cloud\\\\functions\\\\node_modules\\\\firebase-functions\\\\lib\\\\v2\\\\index.js\"}"}}
[debug] [2025-08-25T07:38:15.640Z] [runtime-status] [16540] firebase-admin has been stubbed. {"adminResolution":{"declared":true,"installed":true,"version":"12.7.0","resolution":"C:\\Users\\zweli\\OneDrive - University of Limpopo\\Desktop\\Hooks and Routes\\aws-cloud\\functions\\node_modules\\firebase-admin\\lib\\index.js"}} {"metadata":{"emulator":{"name":"functions"},"function":{"name":"us-central1-api"},"extension":{},"message":"[runtime-status] [16540] firebase-admin has been stubbed. {\"adminResolution\":{\"declared\":true,\"installed\":true,\"version\":\"12.7.0\",\"resolution\":\"C:\\\\Users\\\\zweli\\\\OneDrive - University of Limpopo\\\\Desktop\\\\Hooks and Routes\\\\aws-cloud\\\\functions\\\\node_modules\\\\firebase-admin\\\\lib\\\\index.js\"}}"}}
[debug] [2025-08-25T07:38:17.475Z] [runtime-status] [12068] Functions runtime initialized. {"cwd":"C:\\Users\\zweli\\OneDrive - University of Limpopo\\Desktop\\Hooks and Routes\\aws-cloud\\functions","node_version":"22.17.0"} {"metadata":{"emulator":{"name":"functions"},"function":{"name":"us-central1-api"},"extension":{},"message":"[runtime-status] [12068] Functions runtime initialized. {\"cwd\":\"C:\\\\Users\\\\zweli\\\\OneDrive - University of Limpopo\\\\Desktop\\\\Hooks and Routes\\\\aws-cloud\\\\functions\",\"node_version\":\"22.17.0\"}"}}
[debug] [2025-08-25T07:38:17.475Z] [runtime-status] [12068] Listening to port: \\?\pipe\fire_emu_951a056ea92049e0 {"metadata":{"emulator":{"name":"functions"},"function":{"name":"us-central1-api"},"extension":{},"message":"[runtime-status] [12068] Listening to port: \\\\?\\pipe\\fire_emu_951a056ea92049e0"}}
[debug] [2025-08-25T07:38:17.603Z] [worker-us-central1-api-61e04284-170c-41ac-a964-f9c519839655]: IDLE {"metadata":{"emulator":{"name":"functions"},"function":{"name":"us-central1-api"},"extension":{},"message":"[worker-us-central1-api-61e04284-170c-41ac-a964-f9c519839655]: IDLE"}}
[debug] [2025-08-25T07:38:17.603Z] [worker-pool] submitRequest(triggerId=us-central1-api) {"metadata":{"emulator":{"name":"functions"},"message":"[worker-pool] submitRequest(triggerId=us-central1-api)"}}
[info] i  functions: Beginning execution of "us-central1-api" {"metadata":{"emulator":{"name":"functions"},"function":{"name":"us-central1-api"},"extension":{},"message":"Beginning execution of \"us-central1-api\""}}
[debug] [2025-08-25T07:38:17.617Z] [worker-us-central1-api-61e04284-170c-41ac-a964-f9c519839655]: BUSY {"metadata":{"emulator":{"name":"functions"},"function":{"name":"us-central1-api"},"extension":{},"message":"[worker-us-central1-api-61e04284-170c-41ac-a964-f9c519839655]: BUSY"}}
[info] >  Payment request recieved  40000 {"user":"Payment request recieved  40000","metadata":{"emulator":{"name":"functions"},"function":{"name":"us-central1-api"},"extension":{},"message":"\u001b[90m> \u001b[39m Payment request recieved  40000"}}
[debug] [2025-08-25T07:38:19.256Z] [runtime-status] [16540] Functions runtime initialized. {"cwd":"C:\\Users\\zweli\\OneDrive - University of Limpopo\\Desktop\\Hooks and Routes\\aws-cloud\\functions","node_version":"22.17.0"} {"metadata":{"emulator":{"name":"functions"},"function":{"name":"us-central1-api"},"extension":{},"message":"[runtime-status] [16540] Functions runtime initialized. {\"cwd\":\"C:\\\\Users\\\\zweli\\\\OneDrive - University of Limpopo\\\\Desktop\\\\Hooks and Routes\\\\aws-cloud\\\\functions\",\"node_version\":\"22.17.0\"}"}}
[debug] [2025-08-25T07:38:19.265Z] [runtime-status] [16540] Listening to port: \\?\pipe\fire_emu_4e7a1c5b84a06ad0 {"metadata":{"emulator":{"name":"functions"},"function":{"name":"us-central1-api"},"extension":{},"message":"[runtime-status] [16540] Listening to port: \\\\?\\pipe\\fire_emu_4e7a1c5b84a06ad0"}}
[debug] [2025-08-25T07:38:19.443Z] [worker-us-central1-api-d77968ac-936d-47b7-b010-b57062f8d78c]: IDLE {"metadata":{"emulator":{"name":"functions"},"function":{"name":"us-central1-api"},"extension":{},"message":"[worker-us-central1-api-d77968ac-936d-47b7-b010-b57062f8d78c]: IDLE"}}
[debug] [2025-08-25T07:38:19.444Z] [worker-pool] submitRequest(triggerId=us-central1-api) {"metadata":{"emulator":{"name":"functions"},"message":"[worker-pool] submitRequest(triggerId=us-central1-api)"}}
[info] i  functions: Beginning execution of "us-central1-api" {"metadata":{"emulator":{"name":"functions"},"function":{"name":"us-central1-api"},"extension":{},"message":"Beginning execution of \"us-central1-api\""}}
[debug] [2025-08-25T07:38:19.457Z] [worker-us-central1-api-d77968ac-936d-47b7-b010-b57062f8d78c]: BUSY {"metadata":{"emulator":{"name":"functions"},"function":{"name":"us-central1-api"},"extension":{},"message":"[worker-us-central1-api-d77968ac-936d-47b7-b010-b57062f8d78c]: BUSY"}}
[info] >  Payment request recieved  40000 {"user":"Payment request recieved  40000","metadata":{"emulator":{"name":"functions"},"function":{"name":"us-central1-api"},"extension":{},"message":"\u001b[90m> \u001b[39m Payment request recieved  40000"}}
[debug] [2025-08-25T07:38:22.642Z] Finishing up request with event=pause {"metadata":{"emulator":{"name":"functions"},"function":{"name":"us-central1-api"},"extension":{},"message":"Finishing up request with event=pause"}}
[info] i  functions: Finished "us-central1-api" in 5025.4857ms {"metadata":{"emulator":{"name":"functions"},"function":{"name":"us-central1-api"},"extension":{},"message":"Finished \"us-central1-api\" in 5025.4857ms"}}
[debug] [2025-08-25T07:38:22.691Z] [worker-us-central1-api-61e04284-170c-41ac-a964-f9c519839655]: IDLE {"metadata":{"emulator":{"name":"functions"},"function":{"name":"us-central1-api"},"extension":{},"message":"[worker-us-central1-api-61e04284-170c-41ac-a964-f9c519839655]: IDLE"}}
[debug] [2025-08-25T07:38:22.692Z] Finishing up request with event=finish {"metadata":{"emulator":{"name":"functions"},"function":{"name":"us-central1-api"},"extension":{},"message":"Finishing up request with event=finish"}}
[debug] [2025-08-25T07:38:22.692Z] Finishing up request with event=close {"metadata":{"emulator":{"name":"functions"},"function":{"name":"us-central1-api"},"extension":{},"message":"Finishing up request with event=close"}}
[debug] [2025-08-25T07:38:22.692Z] [work-queue] {"queuedWork":[],"queueLength":0,"runningWork":["/zaio-2c173/us-central1/api/payment/create-2025-08-25T07:37:55.662Z"],"workRunningCount":1}
[debug] [2025-08-25T07:38:23.294Z] Finishing up request with event=pause {"metadata":{"emulator":{"name":"functions"},"function":{"name":"us-central1-api"},"extension":{},"message":"Finishing up request with event=pause"}}
[info] i  functions: Finished "us-central1-api" in 3839.6037ms {"metadata":{"emulator":{"name":"functions"},"function":{"name":"us-central1-api"},"extension":{},"message":"Finished \"us-central1-api\" in 3839.6037ms"}}
[debug] [2025-08-25T07:38:23.314Z] [worker-us-central1-api-d77968ac-936d-47b7-b010-b57062f8d78c]: IDLE {"metadata":{"emulator":{"name":"functions"},"function":{"name":"us-central1-api"},"extension":{},"message":"[worker-us-central1-api-d77968ac-936d-47b7-b010-b57062f8d78c]: IDLE"}}
[debug] [2025-08-25T07:38:23.314Z] Finishing up request with event=finish {"metadata":{"emulator":{"name":"functions"},"function":{"name":"us-central1-api"},"extension":{},"message":"Finishing up request with event=finish"}}
[debug] [2025-08-25T07:38:23.314Z] Finishing up request with event=close {"metadata":{"emulator":{"name":"functions"},"function":{"name":"us-central1-api"},"extension":{},"message":"Finishing up request with event=close"}}
[debug] [2025-08-25T07:38:23.314Z] [work-queue] {"queuedWork":[],"queueLength":0,"runningWork":[],"workRunningCount":0}
[debug] [2025-08-25T07:42:10.189Z] [work-queue] {"queuedWork":["/zaio-2c173/us-central1/api/payment/create-2025-08-25T07:42:10.107Z"],"queueLength":1,"runningWork":[],"workRunningCount":0}
[debug] [2025-08-25T07:42:10.910Z] [work-queue] {"queuedWork":[],"queueLength":0,"runningWork":["/zaio-2c173/us-central1/api/payment/create-2025-08-25T07:42:10.107Z"],"workRunningCount":1}
[debug] [2025-08-25T07:42:10.927Z] Accepted request POST /zaio-2c173/us-central1/api/payment/create?total=0 --> us-central1-api
[debug] [2025-08-25T07:42:12.488Z] [functions] Runtime ready! Sending request! {"metadata":{"emulator":{"name":"functions"},"message":"[functions] Runtime ready! Sending request!"}}
[debug] [2025-08-25T07:42:13.987Z] [functions] Got req.url=/zaio-2c173/us-central1/api/payment/create?total=0, mapping to path=/payment/create?total=0 {"metadata":{"emulator":{"name":"functions"},"message":"[functions] Got req.url=/zaio-2c173/us-central1/api/payment/create?total=0, mapping to path=/payment/create?total=0"}}
[debug] [2025-08-25T07:42:14.026Z] [worker-pool] submitRequest(triggerId=us-central1-api) {"metadata":{"emulator":{"name":"functions"},"message":"[worker-pool] submitRequest(triggerId=us-central1-api)"}}
[info] i  functions: Beginning execution of "us-central1-api" {"metadata":{"emulator":{"name":"functions"},"function":{"name":"us-central1-api"},"extension":{},"message":"Beginning execution of \"us-central1-api\""}}
[debug] [2025-08-25T07:42:14.607Z] [worker-us-central1-api-d77968ac-936d-47b7-b010-b57062f8d78c]: BUSY {"metadata":{"emulator":{"name":"functions"},"function":{"name":"us-central1-api"},"extension":{},"message":"[worker-us-central1-api-d77968ac-936d-47b7-b010-b57062f8d78c]: BUSY"}}
[debug] [2025-08-25T07:42:14.722Z] [work-queue] {"queuedWork":["/zaio-2c173/us-central1/api/payment/create-2025-08-25T07:42:14.722Z"],"queueLength":1,"runningWork":["/zaio-2c173/us-central1/api/payment/create-2025-08-25T07:42:10.107Z"],"workRunningCount":1}
[debug] [2025-08-25T07:42:14.725Z] [work-queue] {"queuedWork":[],"queueLength":0,"runningWork":["/zaio-2c173/us-central1/api/payment/create-2025-08-25T07:42:10.107Z","/zaio-2c173/us-central1/api/payment/create-2025-08-25T07:42:14.722Z"],"workRunningCount":2}
[debug] [2025-08-25T07:42:14.725Z] Accepted request POST /zaio-2c173/us-central1/api/payment/create?total=0 --> us-central1-api
[debug] [2025-08-25T07:42:14.758Z] [functions] Runtime ready! Sending request! {"metadata":{"emulator":{"name":"functions"},"message":"[functions] Runtime ready! Sending request!"}}
[debug] [2025-08-25T07:42:14.772Z] [functions] Got req.url=/zaio-2c173/us-central1/api/payment/create?total=0, mapping to path=/payment/create?total=0 {"metadata":{"emulator":{"name":"functions"},"message":"[functions] Got req.url=/zaio-2c173/us-central1/api/payment/create?total=0, mapping to path=/payment/create?total=0"}}
[debug] [2025-08-25T07:42:14.775Z] [worker-pool] submitRequest(triggerId=us-central1-api) {"metadata":{"emulator":{"name":"functions"},"message":"[worker-pool] submitRequest(triggerId=us-central1-api)"}}
[info] i  functions: Beginning execution of "us-central1-api" {"metadata":{"emulator":{"name":"functions"},"function":{"name":"us-central1-api"},"extension":{},"message":"Beginning execution of \"us-central1-api\""}}
[debug] [2025-08-25T07:42:15.755Z] [worker-us-central1-api-61e04284-170c-41ac-a964-f9c519839655]: BUSY {"metadata":{"emulator":{"name":"functions"},"function":{"name":"us-central1-api"},"extension":{},"message":"[worker-us-central1-api-61e04284-170c-41ac-a964-f9c519839655]: BUSY"}}
[info] >  Payment request recieved  0 {"user":"Payment request recieved  0","metadata":{"emulator":{"name":"functions"},"function":{"name":"us-central1-api"},"extension":{},"message":"\u001b[90m> \u001b[39m Payment request recieved  0"}}
[info] >  Payment request recieved  0 {"user":"Payment request recieved  0","metadata":{"emulator":{"name":"functions"},"function":{"name":"us-central1-api"},"extension":{},"message":"\u001b[90m> \u001b[39m Payment request recieved  0"}}
[debug] [2025-08-25T07:42:24.968Z] Finishing up request with event=pause {"metadata":{"emulator":{"name":"functions"},"function":{"name":"us-central1-api"},"extension":{},"message":"Finishing up request with event=pause"}}
[info] i  functions: Finished "us-central1-api" in 9213.3018ms {"metadata":{"emulator":{"name":"functions"},"function":{"name":"us-central1-api"},"extension":{},"message":"Finished \"us-central1-api\" in 9213.3018ms"}}
[debug] [2025-08-25T07:42:25.541Z] [worker-us-central1-api-61e04284-170c-41ac-a964-f9c519839655]: IDLE {"metadata":{"emulator":{"name":"functions"},"function":{"name":"us-central1-api"},"extension":{},"message":"[worker-us-central1-api-61e04284-170c-41ac-a964-f9c519839655]: IDLE"}}
[debug] [2025-08-25T07:42:25.542Z] Finishing up request with event=finish {"metadata":{"emulator":{"name":"functions"},"function":{"name":"us-central1-api"},"extension":{},"message":"Finishing up request with event=finish"}}
[debug] [2025-08-25T07:42:25.543Z] Finishing up request with event=close {"metadata":{"emulator":{"name":"functions"},"function":{"name":"us-central1-api"},"extension":{},"message":"Finishing up request with event=close"}}
[debug] [2025-08-25T07:42:25.543Z] [work-queue] {"queuedWork":[],"queueLength":0,"runningWork":["/zaio-2c173/us-central1/api/payment/create-2025-08-25T07:42:10.107Z"],"workRunningCount":1}
[info] >  Error: The amount must be greater than or equal to the minimum charge amount allowed for your account and the currency set (https://docs.stripe.com/currencies#minimum-and-maximum-charge-amounts).  If you want to save a Payment Method for future use without an immediate payment, use a Setup Intent instead: https://docs.stripe.com/payments/setup-intents {"user":"Error: The amount must be greater than or equal to the minimum charge amount allowed for your account and the currency set (https://docs.stripe.com/currencies#minimum-and-maximum-charge-amounts).  If you want to save a Payment Method for future use without an immediate payment, use a Setup Intent instead: https://docs.stripe.com/payments/setup-intents","metadata":{"emulator":{"name":"functions"},"function":{"name":"us-central1-api"},"extension":{},"message":"\u001b[90m> \u001b[39m Error: The amount must be greater than or equal to the minimum charge amount allowed for your account and the currency set (https://docs.stripe.com/currencies#minimum-and-maximum-charge-amounts).  If you want to save a Payment Method for future use without an immediate payment, use a Setup Intent instead: https://docs.stripe.com/payments/setup-intents"}}
[info] >      at generateV1Error (C:\Users\zweli\OneDrive - University of Limpopo\Desktop\Hooks and Routes\aws-cloud\functions\node_modules\stripe\cjs\Error.js:11:20) {"user":"    at generateV1Error (C:\\Users\\zweli\\OneDrive - University of Limpopo\\Desktop\\Hooks and Routes\\aws-cloud\\functions\\node_modules\\stripe\\cjs\\Error.js:11:20)","metadata":{"emulator":{"name":"functions"},"function":{"name":"us-central1-api"},"extension":{},"message":"\u001b[90m> \u001b[39m     at generateV1Error (C:\\Users\\zweli\\OneDrive - University of Limpopo\\Desktop\\Hooks and Routes\\aws-cloud\\functions\\node_modules\\stripe\\cjs\\Error.js:11:20)"}}
[info] >      at res.toJSON.then.Error_js_1.StripeAPIError.message (C:\Users\zweli\OneDrive - University of Limpopo\Desktop\Hooks and Routes\aws-cloud\functions\node_modules\stripe\cjs\RequestSender.js:108:62) {"user":"    at res.toJSON.then.Error_js_1.StripeAPIError.message (C:\\Users\\zweli\\OneDrive - University of Limpopo\\Desktop\\Hooks and Routes\\aws-cloud\\functions\\node_modules\\stripe\\cjs\\RequestSender.js:108:62)","metadata":{"emulator":{"name":"functions"},"function":{"name":"us-central1-api"},"extension":{},"message":"\u001b[90m> \u001b[39m     at res.toJSON.then.Error_js_1.StripeAPIError.message (C:\\Users\\zweli\\OneDrive - University of Limpopo\\Desktop\\Hooks and Routes\\aws-cloud\\functions\\node_modules\\stripe\\cjs\\RequestSender.js:108:62)"}}
[info] >      at process.processTicksAndRejections (node:internal/process/task_queues:105:5) {"user":"    at process.processTicksAndRejections (node:internal/process/task_queues:105:5)","metadata":{"emulator":{"name":"functions"},"function":{"name":"us-central1-api"},"extension":{},"message":"\u001b[90m> \u001b[39m     at process.processTicksAndRejections (node:internal/process/task_queues:105:5)"}}
[debug] [2025-08-25T07:42:33.567Z] Finishing up request with event=pause {"metadata":{"emulator":{"name":"functions"},"function":{"name":"us-central1-api"},"extension":{},"message":"Finishing up request with event=pause"}}
[info] i  functions: Finished "us-central1-api" in 18974.4261ms {"metadata":{"emulator":{"name":"functions"},"function":{"name":"us-central1-api"},"extension":{},"message":"Finished \"us-central1-api\" in 18974.4261ms"}}
[debug] [2025-08-25T07:42:34.374Z] [worker-us-central1-api-d77968ac-936d-47b7-b010-b57062f8d78c]: IDLE {"metadata":{"emulator":{"name":"functions"},"function":{"name":"us-central1-api"},"extension":{},"message":"[worker-us-central1-api-d77968ac-936d-47b7-b010-b57062f8d78c]: IDLE"}}
[debug] [2025-08-25T07:42:34.375Z] Finishing up request with event=finish {"metadata":{"emulator":{"name":"functions"},"function":{"name":"us-central1-api"},"extension":{},"message":"Finishing up request with event=finish"}}
[debug] [2025-08-25T07:42:34.376Z] Finishing up request with event=close {"metadata":{"emulator":{"name":"functions"},"function":{"name":"us-central1-api"},"extension":{},"message":"Finishing up request with event=close"}}
[debug] [2025-08-25T07:42:34.376Z] [work-queue] {"queuedWork":[],"queueLength":0,"runningWork":[],"workRunningCount":0}
[info] >  Error: The amount must be greater than or equal to the minimum charge amount allowed for your account and the currency set (https://docs.stripe.com/currencies#minimum-and-maximum-charge-amounts).  If you want to save a Payment Method for future use without an immediate payment, use a Setup Intent instead: https://docs.stripe.com/payments/setup-intents {"user":"Error: The amount must be greater than or equal to the minimum charge amount allowed for your account and the currency set (https://docs.stripe.com/currencies#minimum-and-maximum-charge-amounts).  If you want to save a Payment Method for future use without an immediate payment, use a Setup Intent instead: https://docs.stripe.com/payments/setup-intents","metadata":{"emulator":{"name":"functions"},"function":{"name":"us-central1-api"},"extension":{},"message":"\u001b[90m> \u001b[39m Error: The amount must be greater than or equal to the minimum charge amount allowed for your account and the currency set (https://docs.stripe.com/currencies#minimum-and-maximum-charge-amounts).  If you want to save a Payment Method for future use without an immediate payment, use a Setup Intent instead: https://docs.stripe.com/payments/setup-intents"}}
[info] >      at generateV1Error (C:\Users\zweli\OneDrive - University of Limpopo\Desktop\Hooks and Routes\aws-cloud\functions\node_modules\stripe\cjs\Error.js:11:20) {"user":"    at generateV1Error (C:\\Users\\zweli\\OneDrive - University of Limpopo\\Desktop\\Hooks and Routes\\aws-cloud\\functions\\node_modules\\stripe\\cjs\\Error.js:11:20)","metadata":{"emulator":{"name":"functions"},"function":{"name":"us-central1-api"},"extension":{},"message":"\u001b[90m> \u001b[39m     at generateV1Error (C:\\Users\\zweli\\OneDrive - University of Limpopo\\Desktop\\Hooks and Routes\\aws-cloud\\functions\\node_modules\\stripe\\cjs\\Error.js:11:20)"}}
[info] >      at res.toJSON.then.Error_js_1.StripeAPIError.message (C:\Users\zweli\OneDrive - University of Limpopo\Desktop\Hooks and Routes\aws-cloud\functions\node_modules\stripe\cjs\RequestSender.js:108:62) {"user":"    at res.toJSON.then.Error_js_1.StripeAPIError.message (C:\\Users\\zweli\\OneDrive - University of Limpopo\\Desktop\\Hooks and Routes\\aws-cloud\\functions\\node_modules\\stripe\\cjs\\RequestSender.js:108:62)","metadata":{"emulator":{"name":"functions"},"function":{"name":"us-central1-api"},"extension":{},"message":"\u001b[90m> \u001b[39m     at res.toJSON.then.Error_js_1.StripeAPIError.message (C:\\Users\\zweli\\OneDrive - University of Limpopo\\Desktop\\Hooks and Routes\\aws-cloud\\functions\\node_modules\\stripe\\cjs\\RequestSender.js:108:62)"}}
[info] >      at process.processTicksAndRejections (node:internal/process/task_queues:105:5) {"user":"    at process.processTicksAndRejections (node:internal/process/task_queues:105:5)","metadata":{"emulator":{"name":"functions"},"function":{"name":"us-central1-api"},"extension":{},"message":"\u001b[90m> \u001b[39m     at process.processTicksAndRejections (node:internal/process/task_queues:105:5)"}}
[debug] [2025-08-25T07:43:09.618Z] [work-queue] {"queuedWork":["/zaio-2c173/us-central1/api/payment/create-2025-08-25T07:43:09.617Z"],"queueLength":1,"runningWork":[],"workRunningCount":0}
[debug] [2025-08-25T07:43:09.619Z] [work-queue] {"queuedWork":[],"queueLength":0,"runningWork":["/zaio-2c173/us-central1/api/payment/create-2025-08-25T07:43:09.617Z"],"workRunningCount":1}
[debug] [2025-08-25T07:43:09.619Z] Accepted request POST /zaio-2c173/us-central1/api/payment/create?total=45999 --> us-central1-api
[debug] [2025-08-25T07:43:09.644Z] [functions] Runtime ready! Sending request! {"metadata":{"emulator":{"name":"functions"},"message":"[functions] Runtime ready! Sending request!"}}
[debug] [2025-08-25T07:43:09.645Z] [functions] Got req.url=/zaio-2c173/us-central1/api/payment/create?total=45999, mapping to path=/payment/create?total=45999 {"metadata":{"emulator":{"name":"functions"},"message":"[functions] Got req.url=/zaio-2c173/us-central1/api/payment/create?total=45999, mapping to path=/payment/create?total=45999"}}
[debug] [2025-08-25T07:43:09.646Z] [worker-pool] submitRequest(triggerId=us-central1-api) {"metadata":{"emulator":{"name":"functions"},"message":"[worker-pool] submitRequest(triggerId=us-central1-api)"}}
[info] i  functions: Beginning execution of "us-central1-api" {"metadata":{"emulator":{"name":"functions"},"function":{"name":"us-central1-api"},"extension":{},"message":"Beginning execution of \"us-central1-api\""}}
[debug] [2025-08-25T07:43:09.784Z] [worker-us-central1-api-d77968ac-936d-47b7-b010-b57062f8d78c]: BUSY {"metadata":{"emulator":{"name":"functions"},"function":{"name":"us-central1-api"},"extension":{},"message":"[worker-us-central1-api-d77968ac-936d-47b7-b010-b57062f8d78c]: BUSY"}}
[debug] [2025-08-25T07:43:09.840Z] [work-queue] {"queuedWork":["/zaio-2c173/us-central1/api/payment/create-2025-08-25T07:43:09.840Z"],"queueLength":1,"runningWork":["/zaio-2c173/us-central1/api/payment/create-2025-08-25T07:43:09.617Z"],"workRunningCount":1}
[debug] [2025-08-25T07:43:09.840Z] [work-queue] {"queuedWork":[],"queueLength":0,"runningWork":["/zaio-2c173/us-central1/api/payment/create-2025-08-25T07:43:09.617Z","/zaio-2c173/us-central1/api/payment/create-2025-08-25T07:43:09.840Z"],"workRunningCount":2}
[debug] [2025-08-25T07:43:09.840Z] Accepted request POST /zaio-2c173/us-central1/api/payment/create?total=45999 --> us-central1-api
[debug] [2025-08-25T07:43:09.873Z] [functions] Runtime ready! Sending request! {"metadata":{"emulator":{"name":"functions"},"message":"[functions] Runtime ready! Sending request!"}}
[debug] [2025-08-25T07:43:09.873Z] [functions] Got req.url=/zaio-2c173/us-central1/api/payment/create?total=45999, mapping to path=/payment/create?total=45999 {"metadata":{"emulator":{"name":"functions"},"message":"[functions] Got req.url=/zaio-2c173/us-central1/api/payment/create?total=45999, mapping to path=/payment/create?total=45999"}}
[debug] [2025-08-25T07:43:09.883Z] [worker-pool] submitRequest(triggerId=us-central1-api) {"metadata":{"emulator":{"name":"functions"},"message":"[worker-pool] submitRequest(triggerId=us-central1-api)"}}
[info] i  functions: Beginning execution of "us-central1-api" {"metadata":{"emulator":{"name":"functions"},"function":{"name":"us-central1-api"},"extension":{},"message":"Beginning execution of \"us-central1-api\""}}
[debug] [2025-08-25T07:43:10.127Z] [worker-us-central1-api-61e04284-170c-41ac-a964-f9c519839655]: BUSY {"metadata":{"emulator":{"name":"functions"},"function":{"name":"us-central1-api"},"extension":{},"message":"[worker-us-central1-api-61e04284-170c-41ac-a964-f9c519839655]: BUSY"}}
[info] >  Payment request recieved  45999 {"user":"Payment request recieved  45999","metadata":{"emulator":{"name":"functions"},"function":{"name":"us-central1-api"},"extension":{},"message":"\u001b[90m> \u001b[39m Payment request recieved  45999"}}
[info] >  Payment request recieved  45999 {"user":"Payment request recieved  45999","metadata":{"emulator":{"name":"functions"},"function":{"name":"us-central1-api"},"extension":{},"message":"\u001b[90m> \u001b[39m Payment request recieved  45999"}}
[debug] [2025-08-25T07:43:12.255Z] Finishing up request with event=pause {"metadata":{"emulator":{"name":"functions"},"function":{"name":"us-central1-api"},"extension":{},"message":"Finishing up request with event=pause"}}
[info] i  functions: Finished "us-central1-api" in 2466.9503ms {"metadata":{"emulator":{"name":"functions"},"function":{"name":"us-central1-api"},"extension":{},"message":"Finished \"us-central1-api\" in 2466.9503ms"}}
[debug] [2025-08-25T07:43:12.693Z] [worker-us-central1-api-d77968ac-936d-47b7-b010-b57062f8d78c]: IDLE {"metadata":{"emulator":{"name":"functions"},"function":{"name":"us-central1-api"},"extension":{},"message":"[worker-us-central1-api-d77968ac-936d-47b7-b010-b57062f8d78c]: IDLE"}}
[debug] [2025-08-25T07:43:12.693Z] Finishing up request with event=finish {"metadata":{"emulator":{"name":"functions"},"function":{"name":"us-central1-api"},"extension":{},"message":"Finishing up request with event=finish"}}
[debug] [2025-08-25T07:43:12.694Z] Finishing up request with event=close {"metadata":{"emulator":{"name":"functions"},"function":{"name":"us-central1-api"},"extension":{},"message":"Finishing up request with event=close"}}
[debug] [2025-08-25T07:43:12.694Z] [work-queue] {"queuedWork":[],"queueLength":0,"runningWork":["/zaio-2c173/us-central1/api/payment/create-2025-08-25T07:43:09.840Z"],"workRunningCount":1}
[debug] [2025-08-25T07:43:12.709Z] Finishing up request with event=pause {"metadata":{"emulator":{"name":"functions"},"function":{"name":"us-central1-api"},"extension":{},"message":"Finishing up request with event=pause"}}
[info] i  functions: Finished "us-central1-api" in 2583.587ms {"metadata":{"emulator":{"name":"functions"},"function":{"name":"us-central1-api"},"extension":{},"message":"Finished \"us-central1-api\" in 2583.587ms"}}
[debug] [2025-08-25T07:43:12.876Z] [worker-us-central1-api-61e04284-170c-41ac-a964-f9c519839655]: IDLE {"metadata":{"emulator":{"name":"functions"},"function":{"name":"us-central1-api"},"extension":{},"message":"[worker-us-central1-api-61e04284-170c-41ac-a964-f9c519839655]: IDLE"}}
[debug] [2025-08-25T07:43:12.876Z] Finishing up request with event=finish {"metadata":{"emulator":{"name":"functions"},"function":{"name":"us-central1-api"},"extension":{},"message":"Finishing up request with event=finish"}}
[debug] [2025-08-25T07:43:12.876Z] Finishing up request with event=close {"metadata":{"emulator":{"name":"functions"},"function":{"name":"us-central1-api"},"extension":{},"message":"Finishing up request with event=close"}}
[debug] [2025-08-25T07:43:12.876Z] [work-queue] {"queuedWork":[],"queueLength":0,"runningWork":[],"workRunningCount":0}
